2023-12-07 19:17:01,816 INFO org.apache.juli.logging.DirectJDKLog [http-nio-9081-exec-1] Initializing Spring DispatcherServlet 'dispatcherServlet'
2023-12-07 19:17:01,818 INFO org.springframework.web.servlet.FrameworkServlet [http-nio-9081-exec-1] Initializing Servlet 'dispatcherServlet'
2023-12-07 19:17:01,820 INFO org.springframework.web.servlet.FrameworkServlet [http-nio-9081-exec-1] Completed initialization in 1 ms
2023-12-07 19:17:42,885 INFO org.springframework.orm.jpa.AbstractEntityManagerFactoryBean [SpringApplicationShutdownHook] Closing JPA EntityManagerFactory for persistence unit 'default'
2023-12-07 19:17:42,888 INFO com.zaxxer.hikari.HikariDataSource [SpringApplicationShutdownHook] HikariPool-1 - Shutdown initiated...
2023-12-07 19:17:42,895 INFO com.zaxxer.hikari.HikariDataSource [SpringApplicationShutdownHook] HikariPool-1 - Shutdown completed.
2023-12-07 19:25:50,454 INFO org.hibernate.validator.internal.util.Version [background-preinit] HV000001: Hibernate Validator 8.0.1.Final
2023-12-07 19:25:50,504 INFO org.springframework.boot.StartupInfoLogger [main] Starting UniversidadBackendApplication using Java 17.0.5 with PID 35108 (C:\Users\danie\Downloads\Pasantia-BC\Capacitacion-backend\SpringBoot en Simples Pasos\universidad-backend\universidad-backend\target\classes started by ComputerScientist in C:\Users\danie\Downloads\Pasantia-BC\Capacitacion-backend\SpringBoot en Simples Pasos\universidad-backend\universidad-backend)
2023-12-07 19:25:50,505 INFO org.springframework.boot.SpringApplication [main] No active profile set, falling back to 1 default profile: "default"
2023-12-07 19:25:51,601 INFO org.springframework.data.repository.config.RepositoryConfigurationDelegate [main] Bootstrapping Spring Data JPA repositories in DEFAULT mode.
2023-12-07 19:25:51,717 INFO org.springframework.data.repository.config.RepositoryConfigurationDelegate [main] Finished Spring Data repository scanning in 99 ms. Found 4 JPA repository interfaces.
2023-12-07 19:25:52,434 INFO org.springframework.boot.web.embedded.tomcat.TomcatWebServer [main] Tomcat initialized with port 9081 (http)
2023-12-07 19:25:52,443 INFO org.apache.juli.logging.DirectJDKLog [main] Initializing ProtocolHandler ["http-nio-9081"]
2023-12-07 19:25:52,446 INFO org.apache.juli.logging.DirectJDKLog [main] Starting service [Tomcat]
2023-12-07 19:25:52,447 INFO org.apache.juli.logging.DirectJDKLog [main] Starting Servlet engine: [Apache Tomcat/10.1.16]
2023-12-07 19:25:52,540 INFO org.apache.juli.logging.DirectJDKLog [main] Initializing Spring embedded WebApplicationContext
2023-12-07 19:25:52,542 INFO org.springframework.boot.web.servlet.context.ServletWebServerApplicationContext [main] Root WebApplicationContext: initialization completed in 1976 ms
2023-12-07 19:25:52,719 INFO org.hibernate.jpa.internal.util.LogHelper [main] HHH000204: Processing PersistenceUnitInfo [name: default]
2023-12-07 19:25:52,781 INFO org.hibernate.Version [main] HHH000412: Hibernate ORM core version 6.3.1.Final
2023-12-07 19:25:52,823 INFO org.hibernate.cache.internal.RegionFactoryInitiator [main] HHH000026: Second-level cache disabled
2023-12-07 19:25:53,120 INFO org.springframework.orm.jpa.persistenceunit.SpringPersistenceUnitInfo [main] No LoadTimeWeaver setup: ignoring JPA class transformer
2023-12-07 19:25:53,152 INFO com.zaxxer.hikari.HikariDataSource [main] HikariPool-1 - Starting...
2023-12-07 19:25:53,370 INFO com.zaxxer.hikari.pool.HikariPool [main] HikariPool-1 - Added connection org.postgresql.jdbc.PgConnection@6164e137
2023-12-07 19:25:53,372 INFO com.zaxxer.hikari.HikariDataSource [main] HikariPool-1 - Start completed.
2023-12-07 19:25:54,504 INFO org.hibernate.engine.transaction.jta.platform.internal.JtaPlatformInitiator [main] HHH000489: No JTA platform available (set 'hibernate.transaction.jta.platform' to enable JTA platform integration)
2023-12-07 19:25:54,614 INFO org.springframework.orm.jpa.AbstractEntityManagerFactoryBean [main] Initialized JPA EntityManagerFactory for persistence unit 'default'
2023-12-07 19:25:54,881 INFO org.springframework.data.jpa.repository.query.QueryEnhancerFactory [main] Hibernate is in classpath; If applicable, HQL parser will be used.
2023-12-07 19:25:55,487 WARN org.springframework.boot.autoconfigure.orm.jpa.JpaBaseConfiguration$JpaWebConfiguration [main] spring.jpa.open-in-view is enabled by default. Therefore, database queries may be performed during view rendering. Explicitly configure spring.jpa.open-in-view to disable this warning
2023-12-07 19:25:55,832 INFO org.apache.juli.logging.DirectJDKLog [main] Starting ProtocolHandler ["http-nio-9081"]
2023-12-07 19:25:55,853 INFO org.springframework.boot.web.embedded.tomcat.TomcatWebServer [main] Tomcat started on port 9081 (http) with context path '/api/v2/universidad'
2023-12-07 19:25:55,862 INFO org.springframework.boot.StartupInfoLogger [main] Started UniversidadBackendApplication in 5.75 seconds (process running for 6.361)
2023-12-07 19:27:35,464 INFO org.apache.juli.logging.DirectJDKLog [http-nio-9081-exec-1] Initializing Spring DispatcherServlet 'dispatcherServlet'
2023-12-07 19:27:35,464 INFO org.springframework.web.servlet.FrameworkServlet [http-nio-9081-exec-1] Initializing Servlet 'dispatcherServlet'
2023-12-07 19:27:35,466 INFO org.springframework.web.servlet.FrameworkServlet [http-nio-9081-exec-1] Completed initialization in 1 ms
2023-12-07 19:29:44,774 INFO org.springframework.orm.jpa.AbstractEntityManagerFactoryBean [SpringApplicationShutdownHook] Closing JPA EntityManagerFactory for persistence unit 'default'
2023-12-07 19:29:44,776 INFO com.zaxxer.hikari.HikariDataSource [SpringApplicationShutdownHook] HikariPool-1 - Shutdown initiated...
2023-12-07 19:29:44,787 INFO com.zaxxer.hikari.HikariDataSource [SpringApplicationShutdownHook] HikariPool-1 - Shutdown completed.
2023-12-07 19:29:47,890 INFO org.hibernate.validator.internal.util.Version [background-preinit] HV000001: Hibernate Validator 8.0.1.Final
2023-12-07 19:29:47,957 INFO org.springframework.boot.StartupInfoLogger [main] Starting UniversidadBackendApplication using Java 17.0.5 with PID 36696 (C:\Users\danie\Downloads\Pasantia-BC\Capacitacion-backend\SpringBoot en Simples Pasos\universidad-backend\universidad-backend\target\classes started by ComputerScientist in C:\Users\danie\Downloads\Pasantia-BC\Capacitacion-backend\SpringBoot en Simples Pasos\universidad-backend\universidad-backend)
2023-12-07 19:29:47,959 INFO org.springframework.boot.SpringApplication [main] No active profile set, falling back to 1 default profile: "default"
2023-12-07 19:29:49,005 INFO org.springframework.data.repository.config.RepositoryConfigurationDelegate [main] Bootstrapping Spring Data JPA repositories in DEFAULT mode.
2023-12-07 19:29:49,124 INFO org.springframework.data.repository.config.RepositoryConfigurationDelegate [main] Finished Spring Data repository scanning in 110 ms. Found 4 JPA repository interfaces.
2023-12-07 19:29:49,905 INFO org.springframework.boot.web.embedded.tomcat.TomcatWebServer [main] Tomcat initialized with port 9081 (http)
2023-12-07 19:29:49,918 INFO org.apache.juli.logging.DirectJDKLog [main] Initializing ProtocolHandler ["http-nio-9081"]
2023-12-07 19:29:49,923 INFO org.apache.juli.logging.DirectJDKLog [main] Starting service [Tomcat]
2023-12-07 19:29:49,923 INFO org.apache.juli.logging.DirectJDKLog [main] Starting Servlet engine: [Apache Tomcat/10.1.16]
2023-12-07 19:29:50,023 INFO org.apache.juli.logging.DirectJDKLog [main] Initializing Spring embedded WebApplicationContext
2023-12-07 19:29:50,024 INFO org.springframework.boot.web.servlet.context.ServletWebServerApplicationContext [main] Root WebApplicationContext: initialization completed in 2002 ms
2023-12-07 19:29:50,202 INFO org.hibernate.jpa.internal.util.LogHelper [main] HHH000204: Processing PersistenceUnitInfo [name: default]
2023-12-07 19:29:50,270 INFO org.hibernate.Version [main] HHH000412: Hibernate ORM core version 6.3.1.Final
2023-12-07 19:29:50,309 INFO org.hibernate.cache.internal.RegionFactoryInitiator [main] HHH000026: Second-level cache disabled
2023-12-07 19:29:50,586 INFO org.springframework.orm.jpa.persistenceunit.SpringPersistenceUnitInfo [main] No LoadTimeWeaver setup: ignoring JPA class transformer
2023-12-07 19:29:50,615 INFO com.zaxxer.hikari.HikariDataSource [main] HikariPool-1 - Starting...
2023-12-07 19:29:50,912 INFO com.zaxxer.hikari.pool.HikariPool [main] HikariPool-1 - Added connection org.postgresql.jdbc.PgConnection@50778bde
2023-12-07 19:29:50,915 INFO com.zaxxer.hikari.HikariDataSource [main] HikariPool-1 - Start completed.
2023-12-07 19:29:52,047 INFO org.hibernate.engine.transaction.jta.platform.internal.JtaPlatformInitiator [main] HHH000489: No JTA platform available (set 'hibernate.transaction.jta.platform' to enable JTA platform integration)
2023-12-07 19:29:52,162 INFO org.springframework.orm.jpa.AbstractEntityManagerFactoryBean [main] Initialized JPA EntityManagerFactory for persistence unit 'default'
2023-12-07 19:29:52,473 INFO org.springframework.data.jpa.repository.query.QueryEnhancerFactory [main] Hibernate is in classpath; If applicable, HQL parser will be used.
2023-12-07 19:29:53,129 WARN org.springframework.boot.autoconfigure.orm.jpa.JpaBaseConfiguration$JpaWebConfiguration [main] spring.jpa.open-in-view is enabled by default. Therefore, database queries may be performed during view rendering. Explicitly configure spring.jpa.open-in-view to disable this warning
2023-12-07 19:29:53,526 INFO org.apache.juli.logging.DirectJDKLog [main] Starting ProtocolHandler ["http-nio-9081"]
2023-12-07 19:29:53,548 INFO org.springframework.boot.web.embedded.tomcat.TomcatWebServer [main] Tomcat started on port 9081 (http) with context path '/api/v2/universidad'
2023-12-07 19:29:53,557 INFO org.springframework.boot.StartupInfoLogger [main] Started UniversidadBackendApplication in 6.049 seconds (process running for 6.669)
