2023-12-07 18:58:54,924 INFO org.hibernate.validator.internal.util.Version [background-preinit] HV000001: Hibernate Validator 8.0.1.Final
2023-12-07 18:58:54,984 INFO org.springframework.boot.StartupInfoLogger [main] Starting UniversidadBackendApplication using Java 17.0.5 with PID 26448 (C:\Users\danie\Downloads\Pasantia-BC\Capacitacion-backend\SpringBoot en Simples Pasos\universidad-backend\universidad-backend\target\classes started by ComputerScientist in C:\Users\danie\Downloads\Pasantia-BC\Capacitacion-backend\SpringBoot en Simples Pasos\universidad-backend\universidad-backend)
2023-12-07 18:58:54,985 INFO org.springframework.boot.SpringApplication [main] No active profile set, falling back to 1 default profile: "default"
2023-12-07 18:58:55,954 INFO org.springframework.data.repository.config.RepositoryConfigurationDelegate [main] Bootstrapping Spring Data JPA repositories in DEFAULT mode.
2023-12-07 18:58:56,060 INFO org.springframework.data.repository.config.RepositoryConfigurationDelegate [main] Finished Spring Data repository scanning in 92 ms. Found 4 JPA repository interfaces.
2023-12-07 18:58:56,768 INFO org.springframework.boot.web.embedded.tomcat.TomcatWebServer [main] Tomcat initialized with port 9081 (http)
2023-12-07 18:58:56,778 INFO org.apache.juli.logging.DirectJDKLog [main] Initializing ProtocolHandler ["http-nio-9081"]
2023-12-07 18:58:56,782 INFO org.apache.juli.logging.DirectJDKLog [main] Starting service [Tomcat]
2023-12-07 18:58:56,782 INFO org.apache.juli.logging.DirectJDKLog [main] Starting Servlet engine: [Apache Tomcat/10.1.16]
2023-12-07 18:58:56,864 INFO org.apache.juli.logging.DirectJDKLog [main] Initializing Spring embedded WebApplicationContext
2023-12-07 18:58:56,867 INFO org.springframework.boot.web.servlet.context.ServletWebServerApplicationContext [main] Root WebApplicationContext: initialization completed in 1814 ms
2023-12-07 18:58:57,049 INFO org.hibernate.jpa.internal.util.LogHelper [main] HHH000204: Processing PersistenceUnitInfo [name: default]
2023-12-07 18:58:57,137 INFO org.hibernate.Version [main] HHH000412: Hibernate ORM core version 6.3.1.Final
2023-12-07 18:58:57,183 INFO org.hibernate.cache.internal.RegionFactoryInitiator [main] HHH000026: Second-level cache disabled
2023-12-07 18:58:57,483 INFO org.springframework.orm.jpa.persistenceunit.SpringPersistenceUnitInfo [main] No LoadTimeWeaver setup: ignoring JPA class transformer
2023-12-07 18:58:57,515 INFO com.zaxxer.hikari.HikariDataSource [main] HikariPool-1 - Starting...
2023-12-07 18:58:57,727 INFO com.zaxxer.hikari.pool.HikariPool [main] HikariPool-1 - Added connection org.postgresql.jdbc.PgConnection@4aa3fc9a
2023-12-07 18:58:57,729 INFO com.zaxxer.hikari.HikariDataSource [main] HikariPool-1 - Start completed.
2023-12-07 18:58:58,837 INFO org.hibernate.engine.transaction.jta.platform.internal.JtaPlatformInitiator [main] HHH000489: No JTA platform available (set 'hibernate.transaction.jta.platform' to enable JTA platform integration)
2023-12-07 18:58:58,957 INFO org.springframework.orm.jpa.AbstractEntityManagerFactoryBean [main] Initialized JPA EntityManagerFactory for persistence unit 'default'
2023-12-07 18:58:59,230 INFO org.springframework.data.jpa.repository.query.QueryEnhancerFactory [main] Hibernate is in classpath; If applicable, HQL parser will be used.
2023-12-07 18:58:59,820 WARN org.springframework.boot.autoconfigure.orm.jpa.JpaBaseConfiguration$JpaWebConfiguration [main] spring.jpa.open-in-view is enabled by default. Therefore, database queries may be performed during view rendering. Explicitly configure spring.jpa.open-in-view to disable this warning
2023-12-07 18:59:00,212 INFO org.apache.juli.logging.DirectJDKLog [main] Starting ProtocolHandler ["http-nio-9081"]
2023-12-07 18:59:00,236 INFO org.springframework.boot.web.embedded.tomcat.TomcatWebServer [main] Tomcat started on port 9081 (http) with context path '/api/v2/universidad'
2023-12-07 18:59:00,244 INFO org.springframework.boot.StartupInfoLogger [main] Started UniversidadBackendApplication in 5.676 seconds (process running for 6.274)
2023-12-07 19:00:15,401 INFO org.apache.juli.logging.DirectJDKLog [http-nio-9081-exec-3] Initializing Spring DispatcherServlet 'dispatcherServlet'
2023-12-07 19:00:15,402 INFO org.springframework.web.servlet.FrameworkServlet [http-nio-9081-exec-3] Initializing Servlet 'dispatcherServlet'
2023-12-07 19:00:15,405 INFO org.springframework.web.servlet.FrameworkServlet [http-nio-9081-exec-3] Completed initialization in 3 ms
2023-12-07 19:01:54,437 INFO org.springframework.orm.jpa.AbstractEntityManagerFactoryBean [SpringApplicationShutdownHook] Closing JPA EntityManagerFactory for persistence unit 'default'
2023-12-07 19:01:54,439 INFO com.zaxxer.hikari.HikariDataSource [SpringApplicationShutdownHook] HikariPool-1 - Shutdown initiated...
2023-12-07 19:01:54,448 INFO com.zaxxer.hikari.HikariDataSource [SpringApplicationShutdownHook] HikariPool-1 - Shutdown completed.
2023-12-07 19:07:18,453 INFO org.hibernate.validator.internal.util.Version [background-preinit] HV000001: Hibernate Validator 8.0.1.Final
2023-12-07 19:07:18,519 INFO org.springframework.boot.StartupInfoLogger [main] Starting UniversidadBackendApplication using Java 17.0.5 with PID 35312 (C:\Users\danie\Downloads\Pasantia-BC\Capacitacion-backend\SpringBoot en Simples Pasos\universidad-backend\universidad-backend\target\classes started by ComputerScientist in C:\Users\danie\Downloads\Pasantia-BC\Capacitacion-backend\SpringBoot en Simples Pasos\universidad-backend\universidad-backend)
2023-12-07 19:07:18,521 INFO org.springframework.boot.SpringApplication [main] No active profile set, falling back to 1 default profile: "default"
2023-12-07 19:07:19,684 INFO org.springframework.data.repository.config.RepositoryConfigurationDelegate [main] Bootstrapping Spring Data JPA repositories in DEFAULT mode.
2023-12-07 19:07:19,783 INFO org.springframework.data.repository.config.RepositoryConfigurationDelegate [main] Finished Spring Data repository scanning in 86 ms. Found 4 JPA repository interfaces.
2023-12-07 19:07:20,608 INFO org.springframework.boot.web.embedded.tomcat.TomcatWebServer [main] Tomcat initialized with port 9081 (http)
2023-12-07 19:07:20,632 INFO org.apache.juli.logging.DirectJDKLog [main] Initializing ProtocolHandler ["http-nio-9081"]
2023-12-07 19:07:20,636 INFO org.apache.juli.logging.DirectJDKLog [main] Starting service [Tomcat]
2023-12-07 19:07:20,637 INFO org.apache.juli.logging.DirectJDKLog [main] Starting Servlet engine: [Apache Tomcat/10.1.16]
2023-12-07 19:07:20,764 INFO org.apache.juli.logging.DirectJDKLog [main] Initializing Spring embedded WebApplicationContext
2023-12-07 19:07:20,766 INFO org.springframework.boot.web.servlet.context.ServletWebServerApplicationContext [main] Root WebApplicationContext: initialization completed in 2182 ms
2023-12-07 19:07:21,003 INFO org.hibernate.jpa.internal.util.LogHelper [main] HHH000204: Processing PersistenceUnitInfo [name: default]
2023-12-07 19:07:21,093 INFO org.hibernate.Version [main] HHH000412: Hibernate ORM core version 6.3.1.Final
2023-12-07 19:07:21,142 INFO org.hibernate.cache.internal.RegionFactoryInitiator [main] HHH000026: Second-level cache disabled
2023-12-07 19:07:21,432 INFO org.springframework.orm.jpa.persistenceunit.SpringPersistenceUnitInfo [main] No LoadTimeWeaver setup: ignoring JPA class transformer
2023-12-07 19:07:21,471 INFO com.zaxxer.hikari.HikariDataSource [main] HikariPool-1 - Starting...
2023-12-07 19:07:21,674 INFO com.zaxxer.hikari.pool.HikariPool [main] HikariPool-1 - Added connection org.postgresql.jdbc.PgConnection@1eab8437
2023-12-07 19:07:21,678 INFO com.zaxxer.hikari.HikariDataSource [main] HikariPool-1 - Start completed.
2023-12-07 19:07:22,964 INFO org.hibernate.engine.transaction.jta.platform.internal.JtaPlatformInitiator [main] HHH000489: No JTA platform available (set 'hibernate.transaction.jta.platform' to enable JTA platform integration)
2023-12-07 19:07:23,085 INFO org.springframework.orm.jpa.AbstractEntityManagerFactoryBean [main] Initialized JPA EntityManagerFactory for persistence unit 'default'
2023-12-07 19:07:23,430 INFO org.springframework.data.jpa.repository.query.QueryEnhancerFactory [main] Hibernate is in classpath; If applicable, HQL parser will be used.
2023-12-07 19:07:24,107 WARN org.springframework.boot.autoconfigure.orm.jpa.JpaBaseConfiguration$JpaWebConfiguration [main] spring.jpa.open-in-view is enabled by default. Therefore, database queries may be performed during view rendering. Explicitly configure spring.jpa.open-in-view to disable this warning
2023-12-07 19:07:24,515 INFO org.apache.juli.logging.DirectJDKLog [main] Starting ProtocolHandler ["http-nio-9081"]
2023-12-07 19:07:24,538 INFO org.springframework.boot.web.embedded.tomcat.TomcatWebServer [main] Tomcat started on port 9081 (http) with context path '/api/v2/universidad'
2023-12-07 19:07:24,550 INFO org.springframework.boot.StartupInfoLogger [main] Started UniversidadBackendApplication in 6.493 seconds (process running for 7.611)
