2023-12-07 19:30:00,674 INFO org.apache.juli.logging.DirectJDKLog [http-nio-9081-exec-1] Initializing Spring DispatcherServlet 'dispatcherServlet'
2023-12-07 19:30:00,677 INFO org.springframework.web.servlet.FrameworkServlet [http-nio-9081-exec-1] Initializing Servlet 'dispatcherServlet'
2023-12-07 19:30:00,678 INFO org.springframework.web.servlet.FrameworkServlet [http-nio-9081-exec-1] Completed initialization in 1 ms
2023-12-07 19:34:46,835 INFO org.springframework.orm.jpa.AbstractEntityManagerFactoryBean [SpringApplicationShutdownHook] Closing JPA EntityManagerFactory for persistence unit 'default'
2023-12-07 19:34:46,837 INFO com.zaxxer.hikari.HikariDataSource [SpringApplicationShutdownHook] HikariPool-1 - Shutdown initiated...
2023-12-07 19:34:46,847 INFO com.zaxxer.hikari.HikariDataSource [SpringApplicationShutdownHook] HikariPool-1 - Shutdown completed.
2023-12-07 19:35:07,969 INFO org.hibernate.validator.internal.util.Version [background-preinit] HV000001: Hibernate Validator 8.0.1.Final
2023-12-07 19:35:08,042 INFO org.springframework.boot.StartupInfoLogger [main] Starting UniversidadBackendApplication using Java 17.0.5 with PID 32824 (C:\Users\danie\Downloads\Pasantia-BC\Capacitacion-backend\SpringBoot en Simples Pasos\universidad-backend\universidad-backend\target\classes started by ComputerScientist in C:\Users\danie\Downloads\Pasantia-BC\Capacitacion-backend\SpringBoot en Simples Pasos\universidad-backend\universidad-backend)
2023-12-07 19:35:08,043 INFO org.springframework.boot.SpringApplication [main] No active profile set, falling back to 1 default profile: "default"
2023-12-07 19:35:09,081 INFO org.springframework.data.repository.config.RepositoryConfigurationDelegate [main] Bootstrapping Spring Data JPA repositories in DEFAULT mode.
2023-12-07 19:35:09,190 INFO org.springframework.data.repository.config.RepositoryConfigurationDelegate [main] Finished Spring Data repository scanning in 93 ms. Found 4 JPA repository interfaces.
2023-12-07 19:35:09,990 INFO org.springframework.boot.web.embedded.tomcat.TomcatWebServer [main] Tomcat initialized with port 9081 (http)
2023-12-07 19:35:10,002 INFO org.apache.juli.logging.DirectJDKLog [main] Initializing ProtocolHandler ["http-nio-9081"]
2023-12-07 19:35:10,006 INFO org.apache.juli.logging.DirectJDKLog [main] Starting service [Tomcat]
2023-12-07 19:35:10,006 INFO org.apache.juli.logging.DirectJDKLog [main] Starting Servlet engine: [Apache Tomcat/10.1.16]
2023-12-07 19:35:10,129 INFO org.apache.juli.logging.DirectJDKLog [main] Initializing Spring embedded WebApplicationContext
2023-12-07 19:35:10,131 INFO org.springframework.boot.web.servlet.context.ServletWebServerApplicationContext [main] Root WebApplicationContext: initialization completed in 2020 ms
2023-12-07 19:35:10,359 INFO org.hibernate.jpa.internal.util.LogHelper [main] HHH000204: Processing PersistenceUnitInfo [name: default]
2023-12-07 19:35:10,420 INFO org.hibernate.Version [main] HHH000412: Hibernate ORM core version 6.3.1.Final
2023-12-07 19:35:10,472 INFO org.hibernate.cache.internal.RegionFactoryInitiator [main] HHH000026: Second-level cache disabled
2023-12-07 19:35:10,763 INFO org.springframework.orm.jpa.persistenceunit.SpringPersistenceUnitInfo [main] No LoadTimeWeaver setup: ignoring JPA class transformer
2023-12-07 19:35:10,793 INFO com.zaxxer.hikari.HikariDataSource [main] HikariPool-1 - Starting...
2023-12-07 19:35:10,987 INFO com.zaxxer.hikari.pool.HikariPool [main] HikariPool-1 - Added connection org.postgresql.jdbc.PgConnection@3d8d970e
2023-12-07 19:35:10,989 INFO com.zaxxer.hikari.HikariDataSource [main] HikariPool-1 - Start completed.
2023-12-07 19:35:12,070 INFO org.hibernate.engine.transaction.jta.platform.internal.JtaPlatformInitiator [main] HHH000489: No JTA platform available (set 'hibernate.transaction.jta.platform' to enable JTA platform integration)
2023-12-07 19:35:12,179 INFO org.springframework.orm.jpa.AbstractEntityManagerFactoryBean [main] Initialized JPA EntityManagerFactory for persistence unit 'default'
2023-12-07 19:35:12,480 INFO org.springframework.data.jpa.repository.query.QueryEnhancerFactory [main] Hibernate is in classpath; If applicable, HQL parser will be used.
2023-12-07 19:35:13,079 WARN org.springframework.boot.autoconfigure.orm.jpa.JpaBaseConfiguration$JpaWebConfiguration [main] spring.jpa.open-in-view is enabled by default. Therefore, database queries may be performed during view rendering. Explicitly configure spring.jpa.open-in-view to disable this warning
2023-12-07 19:35:13,578 INFO org.apache.juli.logging.DirectJDKLog [main] Starting ProtocolHandler ["http-nio-9081"]
2023-12-07 19:35:13,627 INFO org.springframework.boot.web.embedded.tomcat.TomcatWebServer [main] Tomcat started on port 9081 (http) with context path '/api/v2/universidad'
2023-12-07 19:35:13,649 INFO org.springframework.boot.StartupInfoLogger [main] Started UniversidadBackendApplication in 6.019 seconds (process running for 6.603)
2023-12-07 19:35:18,530 INFO org.apache.juli.logging.DirectJDKLog [http-nio-9081-exec-4] Initializing Spring DispatcherServlet 'dispatcherServlet'
2023-12-07 19:35:18,531 INFO org.springframework.web.servlet.FrameworkServlet [http-nio-9081-exec-4] Initializing Servlet 'dispatcherServlet'
2023-12-07 19:35:18,532 INFO org.springframework.web.servlet.FrameworkServlet [http-nio-9081-exec-4] Completed initialization in 1 ms
2023-12-07 19:35:22,498 INFO org.springframework.orm.jpa.AbstractEntityManagerFactoryBean [SpringApplicationShutdownHook] Closing JPA EntityManagerFactory for persistence unit 'default'
2023-12-07 19:35:22,504 INFO com.zaxxer.hikari.HikariDataSource [SpringApplicationShutdownHook] HikariPool-1 - Shutdown initiated...
2023-12-07 19:35:22,510 INFO com.zaxxer.hikari.HikariDataSource [SpringApplicationShutdownHook] HikariPool-1 - Shutdown completed.
2023-12-07 19:37:08,441 INFO org.hibernate.validator.internal.util.Version [background-preinit] HV000001: Hibernate Validator 8.0.1.Final
2023-12-07 19:37:08,500 INFO org.springframework.boot.StartupInfoLogger [main] Starting UniversidadBackendApplication using Java 17.0.5 with PID 34560 (C:\Users\danie\Downloads\Pasantia-BC\Capacitacion-backend\SpringBoot en Simples Pasos\universidad-backend\universidad-backend\target\classes started by ComputerScientist in C:\Users\danie\Downloads\Pasantia-BC\Capacitacion-backend\SpringBoot en Simples Pasos\universidad-backend\universidad-backend)
2023-12-07 19:37:08,501 INFO org.springframework.boot.SpringApplication [main] No active profile set, falling back to 1 default profile: "default"
2023-12-07 19:37:09,542 INFO org.springframework.data.repository.config.RepositoryConfigurationDelegate [main] Bootstrapping Spring Data JPA repositories in DEFAULT mode.
2023-12-07 19:37:09,681 INFO org.springframework.data.repository.config.RepositoryConfigurationDelegate [main] Finished Spring Data repository scanning in 126 ms. Found 4 JPA repository interfaces.
2023-12-07 19:37:10,536 INFO org.springframework.boot.web.embedded.tomcat.TomcatWebServer [main] Tomcat initialized with port 9081 (http)
2023-12-07 19:37:10,548 INFO org.apache.juli.logging.DirectJDKLog [main] Initializing ProtocolHandler ["http-nio-9081"]
2023-12-07 19:37:10,553 INFO org.apache.juli.logging.DirectJDKLog [main] Starting service [Tomcat]
2023-12-07 19:37:10,553 INFO org.apache.juli.logging.DirectJDKLog [main] Starting Servlet engine: [Apache Tomcat/10.1.16]
2023-12-07 19:37:10,667 INFO org.apache.juli.logging.DirectJDKLog [main] Initializing Spring embedded WebApplicationContext
2023-12-07 19:37:10,669 INFO org.springframework.boot.web.servlet.context.ServletWebServerApplicationContext [main] Root WebApplicationContext: initialization completed in 2101 ms
2023-12-07 19:37:10,894 INFO org.hibernate.jpa.internal.util.LogHelper [main] HHH000204: Processing PersistenceUnitInfo [name: default]
2023-12-07 19:37:10,969 INFO org.hibernate.Version [main] HHH000412: Hibernate ORM core version 6.3.1.Final
2023-12-07 19:37:11,022 INFO org.hibernate.cache.internal.RegionFactoryInitiator [main] HHH000026: Second-level cache disabled
2023-12-07 19:37:11,351 INFO org.springframework.orm.jpa.persistenceunit.SpringPersistenceUnitInfo [main] No LoadTimeWeaver setup: ignoring JPA class transformer
2023-12-07 19:37:11,387 INFO com.zaxxer.hikari.HikariDataSource [main] HikariPool-1 - Starting...
2023-12-07 19:37:11,631 INFO com.zaxxer.hikari.pool.HikariPool [main] HikariPool-1 - Added connection org.postgresql.jdbc.PgConnection@6987a133
2023-12-07 19:37:11,633 INFO com.zaxxer.hikari.HikariDataSource [main] HikariPool-1 - Start completed.
2023-12-07 19:37:12,924 INFO org.hibernate.engine.transaction.jta.platform.internal.JtaPlatformInitiator [main] HHH000489: No JTA platform available (set 'hibernate.transaction.jta.platform' to enable JTA platform integration)
2023-12-07 19:37:13,043 INFO org.springframework.orm.jpa.AbstractEntityManagerFactoryBean [main] Initialized JPA EntityManagerFactory for persistence unit 'default'
2023-12-07 19:37:13,322 INFO org.springframework.data.jpa.repository.query.QueryEnhancerFactory [main] Hibernate is in classpath; If applicable, HQL parser will be used.
2023-12-07 19:37:13,998 WARN org.springframework.boot.autoconfigure.orm.jpa.JpaBaseConfiguration$JpaWebConfiguration [main] spring.jpa.open-in-view is enabled by default. Therefore, database queries may be performed during view rendering. Explicitly configure spring.jpa.open-in-view to disable this warning
2023-12-07 19:37:14,427 INFO org.apache.juli.logging.DirectJDKLog [main] Starting ProtocolHandler ["http-nio-9081"]
2023-12-07 19:37:14,453 INFO org.springframework.boot.web.embedded.tomcat.TomcatWebServer [main] Tomcat started on port 9081 (http) with context path '/api/v2/universidad'
2023-12-07 19:37:14,464 INFO org.springframework.boot.StartupInfoLogger [main] Started UniversidadBackendApplication in 6.407 seconds (process running for 7.109)
2023-12-07 19:39:46,452 INFO org.springframework.test.context.support.AnnotationConfigContextLoaderUtils [main] Could not detect default configuration classes for test class [com.springsimplepasos.universidad.universidadbackend.repositorios.AlumnoRepositoryTest]: AlumnoRepositoryTest does not declare any static, non-private, non-final, nested classes annotated with @Configuration.
2023-12-07 19:39:46,602 INFO org.springframework.test.context.support.AnnotationConfigContextLoaderUtils [main] Could not detect default configuration classes for test class [com.springsimplepasos.universidad.universidadbackend.repositorios.CarreraRepositoryTest]: CarreraRepositoryTest does not declare any static, non-private, non-final, nested classes annotated with @Configuration.
2023-12-07 19:39:46,660 INFO org.springframework.test.context.support.AnnotationConfigContextLoaderUtils [main] Could not detect default configuration classes for test class [com.springsimplepasos.universidad.universidadbackend.repositorios.PersonaRepositoryTest]: PersonaRepositoryTest does not declare any static, non-private, non-final, nested classes annotated with @Configuration.
2023-12-07 19:39:46,732 INFO org.springframework.test.context.support.AnnotationConfigContextLoaderUtils [main] Could not detect default configuration classes for test class [com.springsimplepasos.universidad.universidadbackend.services.implementaciones.AlumnoDAOImplTest]: AlumnoDAOImplTest does not declare any static, non-private, non-final, nested classes annotated with @Configuration.
